#! /c/Source/iverilog-install/bin/vvp
:ivl_version "12.0 (devel)" "(s20150603-1110-g18392a46)";
:ivl_delay_selection "TYPICAL";
:vpi_time_precision + 0;
:vpi_module "C:\iverilog\lib\ivl\system.vpi";
:vpi_module "C:\iverilog\lib\ivl\vhdl_sys.vpi";
:vpi_module "C:\iverilog\lib\ivl\vhdl_textio.vpi";
:vpi_module "C:\iverilog\lib\ivl\v2005_math.vpi";
:vpi_module "C:\iverilog\lib\ivl\va_math.vpi";
S_000002ac052d6260 .scope module, "CU" "CU" 2 1;
 .timescale 0 0;
    .port_info 0 /INPUT 1 "clk";
    .port_info 1 /INPUT 1 "rst_b";
    .port_info 2 /INPUT 1 "fl_zero";
    .port_info 3 /INPUT 1 "fl_negative";
    .port_info 4 /INPUT 1 "fl_carry";
    .port_info 5 /INPUT 1 "fl_overflow";
    .port_info 6 /INPUT 16 "instruction";
    .port_info 7 /INPUT 16 "imm";
    .port_info 8 /INPUT 10 "pc";
    .port_info 9 /INPUT 16 "pop_out";
    .port_info 10 /INPUT 1 "pop_done";
    .port_info 11 /INPUT 1 "push_done";
    .port_info 12 /INPUT 16 "alu_out";
    .port_info 13 /INPUT 1 "alu_done";
    .port_info 14 /OUTPUT 6 "opcode";
    .port_info 15 /OUTPUT 10 "pc_out";
    .port_info 16 /OUTPUT 1 "register_write_enable";
    .port_info 17 /OUTPUT 16 "address";
    .port_info 18 /OUTPUT 16 "push_data";
    .port_info 19 /OUTPUT 16 "write_enable";
    .port_info 20 /OUTPUT 16 "read_enable";
    .port_info 21 /OUTPUT 16 "term1";
    .port_info 22 /OUTPUT 16 "term2";
    .port_info 23 /OUTPUT 1 "alu_enable";
    .port_info 24 /OUTPUT 1 "branch";
v000002ac052d6910_0 .var "acc", 15 0;
v000002ac052d6590_0 .var "address", 15 0;
o000002ac05331fe8 .functor BUFZ 1, C4<z>; HiZ drive
v000002ac052d6630_0 .net "alu_done", 0 0, o000002ac05331fe8;  0 drivers
v000002ac053239a0_0 .var "alu_enable", 0 0;
o000002ac05332048 .functor BUFZ 16, C4<zzzzzzzzzzzzzzzz>; HiZ drive
v000002ac05323a40_0 .net "alu_out", 15 0, o000002ac05332048;  0 drivers
v000002ac05323ae0_0 .var "branch", 0 0;
o000002ac053320a8 .functor BUFZ 1, C4<z>; HiZ drive
v000002ac05323b80_0 .net "clk", 0 0, o000002ac053320a8;  0 drivers
o000002ac053320d8 .functor BUFZ 1, C4<z>; HiZ drive
v000002ac05323c20_0 .net "fl_carry", 0 0, o000002ac053320d8;  0 drivers
o000002ac05332108 .functor BUFZ 1, C4<z>; HiZ drive
v000002ac05323cc0_0 .net "fl_negative", 0 0, o000002ac05332108;  0 drivers
o000002ac05332138 .functor BUFZ 1, C4<z>; HiZ drive
v000002ac05323d60_0 .net "fl_overflow", 0 0, o000002ac05332138;  0 drivers
o000002ac05332168 .functor BUFZ 1, C4<z>; HiZ drive
v000002ac05323e00_0 .net "fl_zero", 0 0, o000002ac05332168;  0 drivers
o000002ac05332198 .functor BUFZ 16, C4<zzzzzzzzzzzzzzzz>; HiZ drive
v000002ac05323ea0_0 .net "imm", 15 0, o000002ac05332198;  0 drivers
o000002ac053321c8 .functor BUFZ 16, C4<zzzzzzzzzzzzzzzz>; HiZ drive
v000002ac05323f40_0 .net "instruction", 15 0, o000002ac053321c8;  0 drivers
v000002ac05323fe0_0 .var "lr", 9 0;
v000002ac05324080_0 .var "opcode", 5 0;
o000002ac05332258 .functor BUFZ 10, C4<zzzzzzzzzz>; HiZ drive
v000002ac05324120_0 .net "pc", 9 0, o000002ac05332258;  0 drivers
v000002ac0537f690_0 .var "pc_out", 9 0;
o000002ac053322b8 .functor BUFZ 1, C4<z>; HiZ drive
v000002ac0537fb90_0 .net "pop_done", 0 0, o000002ac053322b8;  0 drivers
o000002ac053322e8 .functor BUFZ 16, C4<zzzzzzzzzzzzzzzz>; HiZ drive
v000002ac0537fc30_0 .net "pop_out", 15 0, o000002ac053322e8;  0 drivers
v000002ac0537fcd0_0 .var "push_data", 15 0;
o000002ac05332348 .functor BUFZ 1, C4<z>; HiZ drive
v000002ac0537f7d0_0 .net "push_done", 0 0, o000002ac05332348;  0 drivers
v000002ac0537fd70_0 .var "read_enable", 15 0;
v000002ac0537f2d0_0 .var "register_bit", 0 0;
v000002ac0537faf0_0 .var "register_write_enable", 0 0;
o000002ac05332408 .functor BUFZ 1, C4<z>; HiZ drive
v000002ac0537fe10_0 .net "rst_b", 0 0, o000002ac05332408;  0 drivers
v000002ac0537f870_0 .var "term1", 15 0;
v000002ac0537f910_0 .var "term2", 15 0;
v000002ac0537f050_0 .var "write_enable", 15 0;
v000002ac0537feb0_0 .var "x", 15 0;
v000002ac0537ff50_0 .var "y", 15 0;
E_000002ac052db1c0/0 .event anyedge, v000002ac05323f40_0, v000002ac05324080_0, v000002ac052d6910_0, v000002ac0537f2d0_0;
E_000002ac052db1c0/1 .event anyedge, v000002ac0537feb0_0, v000002ac0537ff50_0, v000002ac05323ea0_0, v000002ac05323e00_0;
E_000002ac052db1c0/2 .event anyedge, v000002ac05323cc0_0, v000002ac05323c20_0, v000002ac05323d60_0, v000002ac05324120_0;
E_000002ac052db1c0 .event/or E_000002ac052db1c0/0, E_000002ac052db1c0/1, E_000002ac052db1c0/2;
    .scope S_000002ac052d6260;
T_0 ;
    %wait E_000002ac052db1c0;
    %pushi/vec4 0, 0, 1;
    %store/vec4 v000002ac05323ae0_0, 0, 1;
    %load/vec4 v000002ac05323f40_0;
    %parti/s 6, 10, 5;
    %store/vec4 v000002ac05324080_0, 0, 6;
    %load/vec4 v000002ac05323f40_0;
    %parti/s 1, 9, 5;
    %store/vec4 v000002ac0537f2d0_0, 0, 1;
    %load/vec4 v000002ac05323f40_0;
    %parti/s 9, 0, 2;
    %pad/u 16;
    %store/vec4 v000002ac0537f870_0, 0, 16;
    %load/vec4 v000002ac05324080_0;
    %pad/u 32;
    %cmpi/u 17, 0, 32;
    %flag_or 5, 4;
    %jmp/0xz  T_0.0, 5;
    %load/vec4 v000002ac052d6910_0;
    %store/vec4 v000002ac0537f870_0, 0, 16;
    %load/vec4 v000002ac0537f2d0_0;
    %pad/u 32;
    %cmpi/e 0, 0, 32;
    %jmp/0xz  T_0.2, 4;
    %load/vec4 v000002ac0537feb0_0;
    %store/vec4 v000002ac0537f910_0, 0, 16;
    %jmp T_0.3;
T_0.2 ;
    %load/vec4 v000002ac0537ff50_0;
    %store/vec4 v000002ac0537f910_0, 0, 16;
T_0.3 ;
    %pushi/vec4 1, 0, 1;
    %store/vec4 v000002ac053239a0_0, 0, 1;
T_0.0 ;
    %load/vec4 v000002ac05324080_0;
    %dup/vec4;
    %pushi/vec4 18, 0, 6;
    %cmp/u;
    %jmp/1 T_0.4, 6;
    %dup/vec4;
    %pushi/vec4 19, 0, 6;
    %cmp/u;
    %jmp/1 T_0.5, 6;
    %dup/vec4;
    %pushi/vec4 26, 0, 6;
    %cmp/u;
    %jmp/1 T_0.6, 6;
    %dup/vec4;
    %pushi/vec4 27, 0, 6;
    %cmp/u;
    %jmp/1 T_0.7, 6;
    %dup/vec4;
    %pushi/vec4 32, 0, 6;
    %cmp/u;
    %jmp/1 T_0.8, 6;
    %dup/vec4;
    %pushi/vec4 33, 0, 6;
    %cmp/u;
    %jmp/1 T_0.9, 6;
    %dup/vec4;
    %pushi/vec4 34, 0, 6;
    %cmp/u;
    %jmp/1 T_0.10, 6;
    %dup/vec4;
    %pushi/vec4 35, 0, 6;
    %cmp/u;
    %jmp/1 T_0.11, 6;
    %dup/vec4;
    %pushi/vec4 36, 0, 6;
    %cmp/u;
    %jmp/1 T_0.12, 6;
    %dup/vec4;
    %pushi/vec4 37, 0, 6;
    %cmp/u;
    %jmp/1 T_0.13, 6;
    %jmp T_0.14;
T_0.4 ;
    %load/vec4 v000002ac0537f2d0_0;
    %pad/u 32;
    %cmpi/e 0, 0, 32;
    %jmp/0xz  T_0.15, 4;
    %load/vec4 v000002ac0537feb0_0;
    %store/vec4 v000002ac052d6910_0, 0, 16;
    %jmp T_0.16;
T_0.15 ;
    %load/vec4 v000002ac0537ff50_0;
    %store/vec4 v000002ac052d6910_0, 0, 16;
T_0.16 ;
    %jmp T_0.14;
T_0.5 ;
    %load/vec4 v000002ac0537f2d0_0;
    %pad/u 32;
    %cmpi/e 0, 0, 32;
    %jmp/0xz  T_0.17, 4;
    %load/vec4 v000002ac052d6910_0;
    %store/vec4 v000002ac0537feb0_0, 0, 16;
    %jmp T_0.18;
T_0.17 ;
    %load/vec4 v000002ac052d6910_0;
    %store/vec4 v000002ac0537ff50_0, 0, 16;
T_0.18 ;
    %jmp T_0.14;
T_0.6 ;
    %load/vec4 v000002ac05323ea0_0;
    %store/vec4 v000002ac052d6910_0, 0, 16;
    %jmp T_0.14;
T_0.7 ;
    %vpi_call 2 67 "$display", "%d", v000002ac052d6910_0 {0 0 0};
    %jmp T_0.14;
T_0.8 ;
    %load/vec4 v000002ac05323e00_0;
    %store/vec4 v000002ac05323ae0_0, 0, 1;
    %jmp T_0.14;
T_0.9 ;
    %load/vec4 v000002ac05323cc0_0;
    %store/vec4 v000002ac05323ae0_0, 0, 1;
    %jmp T_0.14;
T_0.10 ;
    %load/vec4 v000002ac05323c20_0;
    %store/vec4 v000002ac05323ae0_0, 0, 1;
    %jmp T_0.14;
T_0.11 ;
    %load/vec4 v000002ac05323d60_0;
    %store/vec4 v000002ac05323ae0_0, 0, 1;
    %jmp T_0.14;
T_0.12 ;
    %pushi/vec4 1, 0, 1;
    %store/vec4 v000002ac05323ae0_0, 0, 1;
    %jmp T_0.14;
T_0.13 ;
    %pushi/vec4 1, 0, 1;
    %store/vec4 v000002ac05323ae0_0, 0, 1;
    %load/vec4 v000002ac05324120_0;
    %store/vec4 v000002ac05323fe0_0, 0, 10;
    %jmp T_0.14;
T_0.14 ;
    %pop/vec4 1;
    %pushi/vec4 32, 0, 32;
    %load/vec4 v000002ac05324080_0;
    %pad/u 32;
    %cmp/u;
    %flag_get/vec4 4;
    %flag_get/vec4 5;
    %or;
    %load/vec4 v000002ac05324080_0;
    %pad/u 32;
    %cmpi/u 37, 0, 32;
    %flag_get/vec4 4;
    %flag_get/vec4 5;
    %or;
    %and;
    %flag_set/vec4 8;
    %jmp/0xz  T_0.19, 8;
    %load/vec4 v000002ac05323ea0_0;
    %pad/u 10;
    %store/vec4 v000002ac0537f690_0, 0, 10;
T_0.19 ;
    %jmp T_0;
    .thread T_0, $push;
# The file index is used to find the file name in the following table.
:file_names 3;
    "N/A";
    "<interactive>";
    ".\cu.v";
