#! /c/Source/iverilog-install/bin/vvp
:ivl_version "12.0 (devel)" "(s20150603-1110-g18392a46)";
:ivl_delay_selection "TYPICAL";
:vpi_time_precision + 0;
:vpi_module "C:\iverilog\lib\ivl\system.vpi";
:vpi_module "C:\iverilog\lib\ivl\vhdl_sys.vpi";
:vpi_module "C:\iverilog\lib\ivl\vhdl_textio.vpi";
:vpi_module "C:\iverilog\lib\ivl\v2005_math.vpi";
:vpi_module "C:\iverilog\lib\ivl\va_math.vpi";
S_0000018c4a1ebd20 .scope module, "ALU" "ALU" 2 1;
 .timescale 0 0;
    .port_info 0 /INPUT 1 "clk";
    .port_info 1 /INPUT 1 "rst_b";
    .port_info 2 /INPUT 1 "alu_enable";
    .port_info 3 /INPUT 6 "opcode";
    .port_info 4 /INPUT 16 "a";
    .port_info 5 /INPUT 16 "b";
    .port_info 6 /OUTPUT 16 "result";
    .port_info 7 /OUTPUT 1 "fl_zero";
    .port_info 8 /OUTPUT 1 "fl_negative";
    .port_info 9 /OUTPUT 1 "fl_carry";
    .port_info 10 /OUTPUT 1 "fl_overflow";
    .port_info 11 /OUTPUT 1 "done";
o0000018c4a0cdf78 .functor BUFZ 16, C4<zzzzzzzzzzzzzzzz>; HiZ drive
v0000018c4a1e6750_0 .net "a", 15 0, o0000018c4a0cdf78;  0 drivers
o0000018c4a0cdfa8 .functor BUFZ 1, C4<z>; HiZ drive
v0000018c4a1e64a0_0 .net "alu_enable", 0 0, o0000018c4a0cdfa8;  0 drivers
o0000018c4a0cdfd8 .functor BUFZ 16, C4<zzzzzzzzzzzzzzzz>; HiZ drive
v0000018c4a0c3d50_0 .net "b", 15 0, o0000018c4a0cdfd8;  0 drivers
o0000018c4a0ce008 .functor BUFZ 1, C4<z>; HiZ drive
v0000018c4a0c3df0_0 .net "clk", 0 0, o0000018c4a0ce008;  0 drivers
v0000018c4a0c3e90_0 .var "done", 0 0;
v0000018c4a0c3f30_0 .var "fl_carry", 0 0;
v0000018c4a0c3fd0_0 .var "fl_negative", 0 0;
v0000018c4a0c4070_0 .var "fl_overflow", 0 0;
v0000018c4a0c4110_0 .var "fl_zero", 0 0;
o0000018c4a0ce128 .functor BUFZ 6, C4<zzzzzz>; HiZ drive
v0000018c4a0c41b0_0 .net "opcode", 5 0, o0000018c4a0ce128;  0 drivers
v0000018c4a0c4250_0 .var "result", 15 0;
o0000018c4a0ce188 .functor BUFZ 1, C4<z>; HiZ drive
v0000018c4a0c42f0_0 .net "rst_b", 0 0, o0000018c4a0ce188;  0 drivers
v0000018c4a0c4390_0 .var "term1", 15 0;
v0000018c4a0c4430_0 .var "term2", 15 0;
E_0000018c4a0b54d0/0 .event anyedge, v0000018c4a1e6750_0, v0000018c4a0c3d50_0, v0000018c4a1e64a0_0, v0000018c4a0c41b0_0;
E_0000018c4a0b54d0/1 .event anyedge, v0000018c4a0c4390_0, v0000018c4a0c4430_0, v0000018c4a0c4250_0;
E_0000018c4a0b54d0 .event/or E_0000018c4a0b54d0/0, E_0000018c4a0b54d0/1;
E_0000018c4a0b5050 .event negedge, v0000018c4a0c42f0_0;
    .scope S_0000018c4a1ebd20;
T_0 ;
    %wait E_0000018c4a0b5050;
    %pushi/vec4 0, 0, 16;
    %assign/vec4 v0000018c4a0c4250_0, 0;
    %jmp T_0;
    .thread T_0;
    .scope S_0000018c4a1ebd20;
T_1 ;
    %wait E_0000018c4a0b54d0;
    %load/vec4 v0000018c4a1e6750_0;
    %store/vec4 v0000018c4a0c4390_0, 0, 16;
    %load/vec4 v0000018c4a0c3d50_0;
    %store/vec4 v0000018c4a0c4430_0, 0, 16;
    %load/vec4 v0000018c4a1e64a0_0;
    %flag_set/vec4 8;
    %jmp/0xz  T_1.0, 8;
    %pushi/vec4 0, 0, 1;
    %store/vec4 v0000018c4a0c3e90_0, 0, 1;
    %load/vec4 v0000018c4a0c41b0_0;
    %dup/vec4;
    %pushi/vec4 0, 0, 6;
    %cmp/u;
    %jmp/1 T_1.2, 6;
    %dup/vec4;
    %pushi/vec4 1, 0, 6;
    %cmp/u;
    %jmp/1 T_1.3, 6;
    %dup/vec4;
    %pushi/vec4 2, 0, 6;
    %cmp/u;
    %jmp/1 T_1.4, 6;
    %dup/vec4;
    %pushi/vec4 3, 0, 6;
    %cmp/u;
    %jmp/1 T_1.5, 6;
    %dup/vec4;
    %pushi/vec4 4, 0, 6;
    %cmp/u;
    %jmp/1 T_1.6, 6;
    %dup/vec4;
    %pushi/vec4 5, 0, 6;
    %cmp/u;
    %jmp/1 T_1.7, 6;
    %dup/vec4;
    %pushi/vec4 6, 0, 6;
    %cmp/u;
    %jmp/1 T_1.8, 6;
    %dup/vec4;
    %pushi/vec4 7, 0, 6;
    %cmp/u;
    %jmp/1 T_1.9, 6;
    %dup/vec4;
    %pushi/vec4 8, 0, 6;
    %cmp/u;
    %jmp/1 T_1.10, 6;
    %dup/vec4;
    %pushi/vec4 9, 0, 6;
    %cmp/u;
    %jmp/1 T_1.11, 6;
    %dup/vec4;
    %pushi/vec4 10, 0, 6;
    %cmp/u;
    %jmp/1 T_1.12, 6;
    %dup/vec4;
    %pushi/vec4 11, 0, 6;
    %cmp/u;
    %jmp/1 T_1.13, 6;
    %dup/vec4;
    %pushi/vec4 12, 0, 6;
    %cmp/u;
    %jmp/1 T_1.14, 6;
    %dup/vec4;
    %pushi/vec4 13, 0, 6;
    %cmp/u;
    %jmp/1 T_1.15, 6;
    %dup/vec4;
    %pushi/vec4 14, 0, 6;
    %cmp/u;
    %jmp/1 T_1.16, 6;
    %dup/vec4;
    %pushi/vec4 15, 0, 6;
    %cmp/u;
    %jmp/1 T_1.17, 6;
    %dup/vec4;
    %pushi/vec4 16, 0, 6;
    %cmp/u;
    %jmp/1 T_1.18, 6;
    %dup/vec4;
    %pushi/vec4 17, 0, 6;
    %cmp/u;
    %jmp/1 T_1.19, 6;
    %load/vec4 v0000018c4a0c4390_0;
    %store/vec4 v0000018c4a0c4250_0, 0, 16;
    %jmp T_1.21;
T_1.2 ;
    %load/vec4 v0000018c4a0c4390_0;
    %load/vec4 v0000018c4a0c4430_0;
    %add;
    %store/vec4 v0000018c4a0c4250_0, 0, 16;
    %jmp T_1.21;
T_1.3 ;
    %load/vec4 v0000018c4a0c4390_0;
    %load/vec4 v0000018c4a0c4430_0;
    %sub;
    %store/vec4 v0000018c4a0c4250_0, 0, 16;
    %jmp T_1.21;
T_1.4 ;
    %load/vec4 v0000018c4a0c4390_0;
    %load/vec4 v0000018c4a0c4430_0;
    %mul;
    %store/vec4 v0000018c4a0c4250_0, 0, 16;
    %jmp T_1.21;
T_1.5 ;
    %load/vec4 v0000018c4a0c4390_0;
    %load/vec4 v0000018c4a0c4430_0;
    %div;
    %store/vec4 v0000018c4a0c4250_0, 0, 16;
    %jmp T_1.21;
T_1.6 ;
    %load/vec4 v0000018c4a0c4390_0;
    %load/vec4 v0000018c4a0c4430_0;
    %mod;
    %store/vec4 v0000018c4a0c4250_0, 0, 16;
    %jmp T_1.21;
T_1.7 ;
    %load/vec4 v0000018c4a0c4390_0;
    %load/vec4 v0000018c4a0c4430_0;
    %and;
    %store/vec4 v0000018c4a0c4250_0, 0, 16;
    %jmp T_1.21;
T_1.8 ;
    %load/vec4 v0000018c4a0c4390_0;
    %load/vec4 v0000018c4a0c4430_0;
    %or;
    %store/vec4 v0000018c4a0c4250_0, 0, 16;
    %jmp T_1.21;
T_1.9 ;
    %load/vec4 v0000018c4a0c4390_0;
    %load/vec4 v0000018c4a0c4430_0;
    %xor;
    %store/vec4 v0000018c4a0c4250_0, 0, 16;
    %jmp T_1.21;
T_1.10 ;
    %load/vec4 v0000018c4a0c4390_0;
    %inv;
    %store/vec4 v0000018c4a0c4250_0, 0, 16;
    %jmp T_1.21;
T_1.11 ;
    %load/vec4 v0000018c4a0c4390_0;
    %load/vec4 v0000018c4a0c4430_0;
    %sub;
    %store/vec4 v0000018c4a0c4250_0, 0, 16;
    %jmp T_1.21;
T_1.12 ;
    %load/vec4 v0000018c4a0c4430_0;
    %store/vec4 v0000018c4a0c4250_0, 0, 16;
    %jmp T_1.21;
T_1.13 ;
    %load/vec4 v0000018c4a0c4430_0;
    %ix/getv 4, v0000018c4a0c4390_0;
    %shiftr 4;
    %load/vec4 v0000018c4a0c4430_0;
    %pushi/vec4 16, 0, 16;
    %load/vec4 v0000018c4a0c4390_0;
    %sub;
    %ix/vec4 4;
    %shiftl 4;
    %or;
    %store/vec4 v0000018c4a0c4250_0, 0, 16;
    %jmp T_1.21;
T_1.14 ;
    %load/vec4 v0000018c4a0c4430_0;
    %ix/getv 4, v0000018c4a0c4390_0;
    %shiftl 4;
    %load/vec4 v0000018c4a0c4430_0;
    %pushi/vec4 16, 0, 16;
    %load/vec4 v0000018c4a0c4390_0;
    %sub;
    %ix/vec4 4;
    %shiftr 4;
    %or;
    %store/vec4 v0000018c4a0c4250_0, 0, 16;
    %jmp T_1.21;
T_1.15 ;
    %load/vec4 v0000018c4a0c4390_0;
    %ix/getv 4, v0000018c4a0c4430_0;
    %shiftr 4;
    %store/vec4 v0000018c4a0c4250_0, 0, 16;
    %jmp T_1.21;
T_1.16 ;
    %load/vec4 v0000018c4a0c4390_0;
    %ix/getv 4, v0000018c4a0c4430_0;
    %shiftl 4;
    %store/vec4 v0000018c4a0c4250_0, 0, 16;
    %jmp T_1.21;
T_1.17 ;
    %load/vec4 v0000018c4a0c4390_0;
    %pad/u 32;
    %ix/getv 4, v0000018c4a0c4430_0;
    %shiftr 4;
    %pushi/vec4 1, 0, 32;
    %and;
    %pad/u 16;
    %store/vec4 v0000018c4a0c4250_0, 0, 16;
    %jmp T_1.21;
T_1.18 ;
    %load/vec4 v0000018c4a0c4390_0;
    %addi 1, 0, 16;
    %store/vec4 v0000018c4a0c4250_0, 0, 16;
    %jmp T_1.21;
T_1.19 ;
    %load/vec4 v0000018c4a0c4390_0;
    %subi 1, 0, 16;
    %store/vec4 v0000018c4a0c4250_0, 0, 16;
    %jmp T_1.21;
T_1.21 ;
    %pop/vec4 1;
    %load/vec4 v0000018c4a0c4250_0;
    %pushi/vec4 0, 0, 16;
    %cmp/e;
    %flag_get/vec4 4;
    %store/vec4 v0000018c4a0c4110_0, 0, 1;
    %load/vec4 v0000018c4a0c4250_0;
    %parti/s 1, 15, 5;
    %pad/u 32;
    %pushi/vec4 1, 0, 32;
    %cmp/e;
    %flag_get/vec4 4;
    %store/vec4 v0000018c4a0c3fd0_0, 0, 1;
    %load/vec4 v0000018c4a0c41b0_0;
    %cmpi/e 9, 0, 6;
    %jmp/0xz  T_1.22, 4;
    %load/vec4 v0000018c4a0c4390_0;
    %store/vec4 v0000018c4a0c4250_0, 0, 16;
T_1.22 ;
    %pushi/vec4 1, 0, 1;
    %store/vec4 v0000018c4a0c3e90_0, 0, 1;
T_1.0 ;
    %jmp T_1;
    .thread T_1, $push;
# The file index is used to find the file name in the following table.
:file_names 3;
    "N/A";
    "<interactive>";
    ".\alu.v";
